<?xml version="1.0" encoding="UTF-8"?>
<testsuite xmlns:xsi="http://www.w3.org/2001/XMLSchema-instance" xsi:noNamespaceSchemaLocation="https://maven.apache.org/surefire/maven-surefire-plugin/xsd/surefire-test-report-3.0.xsd" version="3.0" name="com.st5.SqrtClassTest" time="0.016" tests="11" errors="0" skipped="0" failures="0">
  <properties>
    <property name="awt.toolkit" value="sun.awt.X11.XToolkit"/>
    <property name="file.encoding.pkg" value="sun.io"/>
    <property name="java.specification.version" value="1.8"/>
    <property name="sun.cpu.isalist" value=""/>
    <property name="sun.jnu.encoding" value="UTF-8"/>
    <property name="java.class.path" value="/home/mineshadow/Documents/Programming/IdeaProjects/ST-5/target/test-classes:/home/mineshadow/Documents/Programming/IdeaProjects/ST-5/target/classes:/home/mineshadow/.m2/repository/junit/junit/3.8.1/junit-3.8.1.jar:/home/mineshadow/.m2/repository/org/junit/jupiter/junit-jupiter/5.10.2/junit-jupiter-5.10.2.jar:/home/mineshadow/.m2/repository/org/junit/jupiter/junit-jupiter-api/5.10.2/junit-jupiter-api-5.10.2.jar:/home/mineshadow/.m2/repository/org/opentest4j/opentest4j/1.3.0/opentest4j-1.3.0.jar:/home/mineshadow/.m2/repository/org/junit/platform/junit-platform-commons/1.10.2/junit-platform-commons-1.10.2.jar:/home/mineshadow/.m2/repository/org/junit/jupiter/junit-jupiter-params/5.10.2/junit-jupiter-params-5.10.2.jar:/home/mineshadow/.m2/repository/org/junit/jupiter/junit-jupiter-engine/5.10.0/junit-jupiter-engine-5.10.0.jar:/home/mineshadow/.m2/repository/org/junit/platform/junit-platform-engine/1.10.0/junit-platform-engine-1.10.0.jar:/home/mineshadow/.m2/repository/org/apiguardian/apiguardian-api/1.1.2/apiguardian-api-1.1.2.jar:"/>
    <property name="java.vm.vendor" value="Oracle Corporation"/>
    <property name="sun.arch.data.model" value="64"/>
    <property name="java.vendor.url" value="http://java.oracle.com/"/>
    <property name="user.timezone" value=""/>
    <property name="java.vm.specification.version" value="1.8"/>
    <property name="os.name" value="Linux"/>
    <property name="user.country" value="RU"/>
    <property name="sun.java.launcher" value="SUN_STANDARD"/>
    <property name="sun.boot.library.path" value="/usr/lib/jvm/java-8-openjdk/jre/lib/amd64"/>
    <property name="sun.java.command" value="/home/mineshadow/Documents/Programming/IdeaProjects/ST-5/target/surefire/surefirebooter-20240414225635009_3.jar /home/mineshadow/Documents/Programming/IdeaProjects/ST-5/target/surefire 2024-04-14T22-56-34_929-jvmRun1 surefire-20240414225635009_1tmp surefire_0-20240414225635009_2tmp"/>
    <property name="surefire.test.class.path" value="/home/mineshadow/Documents/Programming/IdeaProjects/ST-5/target/test-classes:/home/mineshadow/Documents/Programming/IdeaProjects/ST-5/target/classes:/home/mineshadow/.m2/repository/junit/junit/3.8.1/junit-3.8.1.jar:/home/mineshadow/.m2/repository/org/junit/jupiter/junit-jupiter/5.10.2/junit-jupiter-5.10.2.jar:/home/mineshadow/.m2/repository/org/junit/jupiter/junit-jupiter-api/5.10.2/junit-jupiter-api-5.10.2.jar:/home/mineshadow/.m2/repository/org/opentest4j/opentest4j/1.3.0/opentest4j-1.3.0.jar:/home/mineshadow/.m2/repository/org/junit/platform/junit-platform-commons/1.10.2/junit-platform-commons-1.10.2.jar:/home/mineshadow/.m2/repository/org/junit/jupiter/junit-jupiter-params/5.10.2/junit-jupiter-params-5.10.2.jar:/home/mineshadow/.m2/repository/org/junit/jupiter/junit-jupiter-engine/5.10.0/junit-jupiter-engine-5.10.0.jar:/home/mineshadow/.m2/repository/org/junit/platform/junit-platform-engine/1.10.0/junit-platform-engine-1.10.0.jar:/home/mineshadow/.m2/repository/org/apiguardian/apiguardian-api/1.1.2/apiguardian-api-1.1.2.jar:"/>
    <property name="sun.cpu.endian" value="little"/>
    <property name="user.home" value="/home/mineshadow"/>
    <property name="user.language" value="ru"/>
    <property name="java.specification.vendor" value="Oracle Corporation"/>
    <property name="java.home" value="/usr/lib/jvm/java-8-openjdk/jre"/>
    <property name="basedir" value="/home/mineshadow/Documents/Programming/IdeaProjects/ST-5"/>
    <property name="file.separator" value="/"/>
    <property name="line.separator" value="&#10;"/>
    <property name="java.vm.specification.vendor" value="Oracle Corporation"/>
    <property name="java.specification.name" value="Java Platform API Specification"/>
    <property name="java.awt.graphicsenv" value="sun.awt.X11GraphicsEnvironment"/>
    <property name="surefire.real.class.path" value="/home/mineshadow/Documents/Programming/IdeaProjects/ST-5/target/surefire/surefirebooter-20240414225635009_3.jar"/>
    <property name="sun.boot.class.path" value="/usr/lib/jvm/java-8-openjdk/jre/lib/resources.jar:/usr/lib/jvm/java-8-openjdk/jre/lib/rt.jar:/usr/lib/jvm/java-8-openjdk/jre/lib/sunrsasign.jar:/usr/lib/jvm/java-8-openjdk/jre/lib/jsse.jar:/usr/lib/jvm/java-8-openjdk/jre/lib/jce.jar:/usr/lib/jvm/java-8-openjdk/jre/lib/charsets.jar:/usr/lib/jvm/java-8-openjdk/jre/lib/jfr.jar:/usr/lib/jvm/java-8-openjdk/jre/classes"/>
    <property name="sun.management.compiler" value="HotSpot 64-Bit Tiered Compilers"/>
    <property name="java.runtime.version" value="1.8.0_402-b06"/>
    <property name="user.name" value="mineshadow"/>
    <property name="path.separator" value=":"/>
    <property name="os.version" value="6.8.5-arch1-1"/>
    <property name="java.endorsed.dirs" value="/usr/lib/jvm/java-8-openjdk/jre/lib/endorsed"/>
    <property name="java.runtime.name" value="OpenJDK Runtime Environment"/>
    <property name="file.encoding" value="UTF-8"/>
    <property name="java.vm.name" value="OpenJDK 64-Bit Server VM"/>
    <property name="localRepository" value="/home/mineshadow/.m2/repository"/>
    <property name="java.vendor.url.bug" value="http://bugreport.sun.com/bugreport/"/>
    <property name="java.io.tmpdir" value="/tmp"/>
    <property name="idea.version" value="2024.1"/>
    <property name="java.version" value="1.8.0_402"/>
    <property name="user.dir" value="/home/mineshadow/Documents/Programming/IdeaProjects/ST-5"/>
    <property name="os.arch" value="amd64"/>
    <property name="java.vm.specification.name" value="Java Virtual Machine Specification"/>
    <property name="java.awt.printerjob" value="sun.print.PSPrinterJob"/>
    <property name="sun.os.patch.level" value="unknown"/>
    <property name="java.library.path" value="/usr/java/packages/lib/amd64:/usr/lib64:/lib64:/lib:/usr/lib"/>
    <property name="java.vm.info" value="mixed mode"/>
    <property name="java.vendor" value="Oracle Corporation"/>
    <property name="java.vm.version" value="25.402-b06"/>
    <property name="java.specification.maintenance.version" value="5"/>
    <property name="java.ext.dirs" value="/usr/lib/jvm/java-8-openjdk/jre/lib/ext:/usr/java/packages/lib/ext"/>
    <property name="sun.io.unicode.encoding" value="UnicodeLittle"/>
    <property name="java.class.version" value="52.0"/>
  </properties>
  <testcase name="TestCalcFunctionSmallNumber" classname="com.st5.SqrtClassTest" time="0.001"/>
  <testcase name="TestCalcFunctionSquare" classname="com.st5.SqrtClassTest" time="0.001"/>
  <testcase name="TestGoodFunction" classname="com.st5.SqrtClassTest" time="0.0"/>
  <testcase name="TestCalcFunctionNearRightOne" classname="com.st5.SqrtClassTest" time="0.001"/>
  <testcase name="TestCalcFunctionNearLeftOne" classname="com.st5.SqrtClassTest" time="0.0"/>
  <testcase name="TestImproveFunction" classname="com.st5.SqrtClassTest" time="0.0"/>
  <testcase name="TestCalcFunction" classname="com.st5.SqrtClassTest" time="0.0"/>
  <testcase name="TestAverageValue" classname="com.st5.SqrtClassTest" time="0.0"/>
  <testcase name="TestIterFunction" classname="com.st5.SqrtClassTest" time="0.001"/>
  <testcase name="TestCalcFunctionBigNumber" classname="com.st5.SqrtClassTest" time="0.001"/>
  <testcase name="TestCalcFunctionOnOne" classname="com.st5.SqrtClassTest" time="0.001"/>
</testsuite>